0 info it worked if it ends with ok
1 verbose cli [ 'C:\\Program Files\\nodejs\\node.exe',
1 verbose cli   'C:\\Program Files\\nodejs\\node_modules\\npm\\bin\\npm-cli.js',
1 verbose cli   'run',
1 verbose cli   'dev' ]
2 info using npm@3.6.0
3 info using node@v5.7.0
4 verbose run-script [ 'predev', 'dev', 'postdev' ]
5 info lifecycle GWZJCAB@0.0.1~predev: GWZJCAB@0.0.1
6 silly lifecycle GWZJCAB@0.0.1~predev: no script for predev, continuing
7 info lifecycle GWZJCAB@0.0.1~dev: GWZJCAB@0.0.1
8 verbose lifecycle GWZJCAB@0.0.1~dev: unsafe-perm in lifecycle true
9 verbose lifecycle GWZJCAB@0.0.1~dev: PATH: C:\Program Files\nodejs\node_modules\npm\bin\node-gyp-bin;E:\项目\国网资金二期\新SVN2\02源码\GW_ZJEQ_CAB\node_modules\.bin;%APPCAN_PATH%;C:\Ruby22-x64\bin;F:\oracle\product\10.2.0\db_1\bin;C:\Windows\system32;C:\Windows;C:\Windows\System32\Wbem;C:\Windows\System32\WindowsPowerShell\v1.0\;C:\Program Files\TortoiseSVN\bin;E:\mongoDB\mongodb-win32-x86_64-2008plus-3.0.5\bin\;C:\Program Files (x86)\Java\jdk1.7.0_51\bin;C:\Program Files (x86)\Java\jdk1.7.0_51\jre\bin;D:\Program Files (x86)\apache-maven-3.0.3\apache-maven-3.0.3\bin;C:\Program Files\SlikSvn\bin;C:\Program Files\TortoiseGit\bin;C:\Python27;C:\Program Files (x86)\Common Files\MicroStrategy;C:\Program Files (x86)\MicroStrategy\Developer;C:\Program Files (x86)\MicroStrategy\Command Manager;C:\Program Files (x86)\MicroStrategy\Enterprise Manager;C:\Program Files (x86)\MicroStrategy\Integrity Manager;C:\Program Files (x86)\Common Files\MicroStrategy\JRE\170_51\Win32\bin;C:\Program Files (x86)\Common Files\MicroStrategy\JRE\170_51\Win64\bin;C:\Program Files (x86)\Common Files\MicroStrategy\JRE\170_51\Win64\bin\server;C:\Program Files (x86)\Common Files\MicroStrategy\Help\English;C:\Program Files\nodejs\;D:\apache-ant-1.9.9\bin;c:\program files\esafenet\cobra docguard client;C:\Users\sunxiaofan\AppData\Roaming\npm
10 verbose lifecycle GWZJCAB@0.0.1~dev: CWD: E:\项目\国网资金二期\新SVN2\02源码\GW_ZJEQ_CAB
11 silly lifecycle GWZJCAB@0.0.1~dev: Args: [ '/d /s /c',
11 silly lifecycle   'webpack-dev-server --port 8888 --inline --hot --quiet' ]
12 silly lifecycle GWZJCAB@0.0.1~dev: Returned: code: 1  signal: null
13 info lifecycle GWZJCAB@0.0.1~dev: Failed to exec dev script
14 verbose stack Error: GWZJCAB@0.0.1 dev: `webpack-dev-server --port 8888 --inline --hot --quiet`
14 verbose stack Exit status 1
14 verbose stack     at EventEmitter.<anonymous> (C:\Program Files\nodejs\node_modules\npm\lib\utils\lifecycle.js:232:16)
14 verbose stack     at emitTwo (events.js:100:13)
14 verbose stack     at EventEmitter.emit (events.js:185:7)
14 verbose stack     at ChildProcess.<anonymous> (C:\Program Files\nodejs\node_modules\npm\lib\utils\spawn.js:24:14)
14 verbose stack     at emitTwo (events.js:100:13)
14 verbose stack     at ChildProcess.emit (events.js:185:7)
14 verbose stack     at maybeClose (internal/child_process.js:827:16)
14 verbose stack     at Process.ChildProcess._handle.onexit (internal/child_process.js:211:5)
15 verbose pkgid GWZJCAB@0.0.1
16 verbose cwd E:\项目\国网资金二期\新SVN2\02源码\GW_ZJEQ_CAB\src
17 error Windows_NT 6.1.7601
18 error argv "C:\\Program Files\\nodejs\\node.exe" "C:\\Program Files\\nodejs\\node_modules\\npm\\bin\\npm-cli.js" "run" "dev"
19 error node v5.7.0
20 error npm  v3.6.0
21 error code ELIFECYCLE
22 error GWZJCAB@0.0.1 dev: `webpack-dev-server --port 8888 --inline --hot --quiet`
22 error Exit status 1
23 error Failed at the GWZJCAB@0.0.1 dev script 'webpack-dev-server --port 8888 --inline --hot --quiet'.
23 error Make sure you have the latest version of node.js and npm installed.
23 error If you do, this is most likely a problem with the GWZJCAB package,
23 error not with npm itself.
23 error Tell the author that this fails on your system:
23 error     webpack-dev-server --port 8888 --inline --hot --quiet
23 error You can get information on how to open an issue for this project with:
23 error     npm bugs GWZJCAB
23 error Or if that isn't available, you can get their info via:
23 error     npm owner ls GWZJCAB
23 error There is likely additional logging output above.
24 verbose exit [ 1, true ]
